app/build/intermediates/manifest_merge_blame_file/debug/manifest-merger-blame-debug-report.txt
1<?xml version="1.0" encoding="utf-8"?>
2<manifest xmlns:android="http://schemas.android.com/apk/res/android"
3    package="com.example.trabajoindividual_1"
4    android:versionCode="1"
5    android:versionName="1.0" >
6
7    <uses-sdk
8        android:minSdkVersion="30"
8-->src\main\AndroidManifest.xml
9        android:targetSdkVersion="32" />
9-->src\main\AndroidManifest.xml
10
11    <application
11-->src\main\AndroidManifest.xml:5:5-48:19
12        android:allowBackup="true"
12-->src\main\AndroidManifest.xml:6:9-35
13        android:appComponentFactory="androidx.core.app.CoreComponentFactory"
13-->[androidx.core:core:1.5.0] AndroidManifest.xml:24:18-86
14        android:debuggable="true"
15        android:extractNativeLibs="false"
16        android:icon="@mipmap/ic_launcher"
16-->src\main\AndroidManifest.xml:7:9-43
17        android:label="@string/app_name"
17-->src\main\AndroidManifest.xml:8:9-41
18        android:roundIcon="@mipmap/ic_launcher_round"
18-->src\main\AndroidManifest.xml:9:9-54
19        android:supportsRtl="true"
19-->src\main\AndroidManifest.xml:10:9-35
20        android:testOnly="true"
21        android:theme="@style/Theme.AppCompat.Light.NoActionBar" >
21-->src\main\AndroidManifest.xml:11:9-65
22        <activity
22-->src\main\AndroidManifest.xml:12:9-15:40
23            android:name="com.example.trabajoindividual_1.NuevaPelicula_Activity"
23-->src\main\AndroidManifest.xml:13:13-51
24            android:configChanges="orientation|screenSize"
24-->src\main\AndroidManifest.xml:14:13-59
25            android:exported="false" />
25-->src\main\AndroidManifest.xml:15:13-37
26        <activity
26-->src\main\AndroidManifest.xml:16:9-18:40
27            android:name="com.example.trabajoindividual_1.ListaReviews_Activity"
27-->src\main\AndroidManifest.xml:17:13-50
28            android:exported="false" />
28-->src\main\AndroidManifest.xml:18:13-37
29        <activity
29-->src\main\AndroidManifest.xml:19:9-21:40
30            android:name="com.example.trabajoindividual_1.Pelicula_Activity"
30-->src\main\AndroidManifest.xml:20:13-46
31            android:exported="false" />
31-->src\main\AndroidManifest.xml:21:13-37
32        <activity
32-->src\main\AndroidManifest.xml:22:9-25:39
33            android:name="com.example.trabajoindividual_1.CrearCuentaActivity"
33-->src\main\AndroidManifest.xml:23:13-48
34            android:configChanges="orientation|screenSize"
34-->src\main\AndroidManifest.xml:24:13-59
35            android:exported="true" />
35-->src\main\AndroidManifest.xml:25:13-36
36        <activity
36-->src\main\AndroidManifest.xml:26:9-29:39
37            android:name="com.example.trabajoindividual_1.MyAccount_Activity"
37-->src\main\AndroidManifest.xml:27:13-47
38            android:configChanges="orientation|screenSize"
38-->src\main\AndroidManifest.xml:28:13-59
39            android:exported="true" />
39-->src\main\AndroidManifest.xml:29:13-36
40        <activity
40-->src\main\AndroidManifest.xml:30:9-33:39
41            android:name="com.example.trabajoindividual_1.Principal_Activity"
41-->src\main\AndroidManifest.xml:31:13-47
42            android:configChanges="orientation|screenSize"
42-->src\main\AndroidManifest.xml:32:13-59
43            android:exported="true" />
43-->src\main\AndroidManifest.xml:33:13-36
44        <activity
44-->src\main\AndroidManifest.xml:34:9-37:39
45            android:name="com.example.trabajoindividual_1.Review_Activity"
45-->src\main\AndroidManifest.xml:35:13-44
46            android:configChanges="orientation|screenSize"
46-->src\main\AndroidManifest.xml:36:13-59
47            android:exported="true" />
47-->src\main\AndroidManifest.xml:37:13-36
48        <activity
48-->src\main\AndroidManifest.xml:38:9-47:20
49            android:name="com.example.trabajoindividual_1.MainActivity"
49-->src\main\AndroidManifest.xml:39:13-41
50            android:configChanges="orientation|screenSize"
50-->src\main\AndroidManifest.xml:40:13-59
51            android:exported="true" >
51-->src\main\AndroidManifest.xml:41:13-36
52            <intent-filter>
52-->src\main\AndroidManifest.xml:42:13-46:29
53                <action android:name="android.intent.action.MAIN" />
53-->src\main\AndroidManifest.xml:43:17-69
53-->src\main\AndroidManifest.xml:43:25-66
54
55                <category android:name="android.intent.category.LAUNCHER" />
55-->src\main\AndroidManifest.xml:45:17-77
55-->src\main\AndroidManifest.xml:45:27-74
56            </intent-filter>
57        </activity>
58    </application>
59
60</manifest>